<?xml version="1.0" encoding="UTF-8"?>
<!-- Generated by org.testng.reporters.JUnitReportReporter -->
<testsuite hostname="DESKTOP-332RHEK" failures="0" tests="4" name="sosittiii.sssis" time="1.684" errors="0" timestamp="2024-02-26T00:22:48 GST" skipped="2">
  <testcase classname="sosittiii.sssis" name="MyFirstSetUp" time="0.865"/>
  <system-out/>
  <testcase classname="sosittiii.sssis" name="AddAllItemsToCart" time="0.819"/>
  <system-out/>
  <testcase classname="sosittiii.sssis" name="PrintTheFirstItem">
    <skipped/>
  </testcase> <!-- PrintTheFirstItem -->
  <system-out/>
  <testcase classname="sosittiii.sssis" name="PrintTheAllItems">
    <skipped/>
  </testcase> <!-- PrintTheAllItems -->
  <system-out/>
</testsuite> <!-- sosittiii.sssis -->
