<?xml version="1.0" encoding="UTF-8"?>
<!-- Generated by org.testng.reporters.JUnitReportReporter -->
<testsuite hostname="DESKTOP-332RHEK" failures="0" tests="1" name="project2.sos" time="0.006" errors="0" timestamp="2023-11-29T14:52:34 GST" skipped="0">
  <testcase classname="project2.sos" name="myFirstTest" time="0.006"/>
  <system-out/>
</testsuite> <!-- project2.sos -->
