<?xml version="1.0" encoding="UTF-8"?>
<!-- Generated by org.testng.reporters.JUnitReportReporter -->
<testsuite hostname="DESKTOP-332RHEK" failures="0" tests="2" name="TestCasses" time="13.697" errors="0" timestamp="2024-02-26T16:12:27 GST" skipped="0">
  <testcase classname="TestCasses" name="MySetUp" time="8.480"/>
  <system-out/>
  <testcase classname="TestCasses" name="LogIn" time="5.217"/>
  <system-out/>
</testsuite> <!-- TestCasses -->
