<?xml version="1.0" encoding="UTF-8"?>
<!-- Generated by org.testng.reporters.JUnitReportReporter -->
<testsuite hostname="DESKTOP-332RHEK" failures="0" tests="7" name="TEStFinal" time="76.403" errors="0" timestamp="2024-06-26T02:01:57 GST" skipped="6">
  <testcase classname="TEStFinal" name="changeTheLanguageOfTheWebsiteRandomly" time="76.403"/>
  <system-out/>
  <testcase classname="TEStFinal" name="checkLogo">
    <skipped/>
  </testcase> <!-- checkLogo -->
  <system-out/>
  <testcase classname="TEStFinal" name="checkTheNumber">
    <skipped/>
  </testcase> <!-- checkTheNumber -->
  <system-out/>
  <testcase classname="TEStFinal" name="chrckTheSalary">
    <skipped/>
  </testcase> <!-- chrckTheSalary -->
  <system-out/>
  <testcase classname="TEStFinal" name="checkHotelTotNotSelector">
    <skipped/>
  </testcase> <!-- checkHotelTotNotSelector -->
  <system-out/>
  <testcase classname="TEStFinal" name="checkTheDepenture">
    <skipped/>
  </testcase> <!-- checkTheDepenture -->
  <system-out/>
  <testcase classname="TEStFinal" name="theLang">
    <skipped/>
  </testcase> <!-- theLang -->
  <system-out/>
</testsuite> <!-- TEStFinal -->
